\BOOKMARK [1][-]{section.1}{Introduction}{}% 1
\BOOKMARK [1][-]{section.2}{Preprocessing Tasks}{}% 2
\BOOKMARK [2][-]{subsection.2.1}{CCTV camera located at the side of a motor way}{section.2}% 3
\BOOKMARK [3][-]{subsubsection.2.1.1}{Skewing \046 Rotation}{subsection.2.1}% 4
\BOOKMARK [3][-]{subsubsection.2.1.2}{ Brightness \046 Colour Correction }{subsection.2.1}% 5
\BOOKMARK [3][-]{subsubsection.2.1.3}{ Motion blur removal}{subsection.2.1}% 6
\BOOKMARK [3][-]{subsubsection.2.1.4}{Shake Removal}{subsection.2.1}% 7
\BOOKMARK [2][-]{subsection.2.2}{Dedicated camera installed at entrance to indoor car park}{section.2}% 8
\BOOKMARK [3][-]{subsubsection.2.2.1}{Noise Removal}{subsection.2.2}% 9
\BOOKMARK [3][-]{subsubsection.2.2.2}{Improving low resolution images}{subsection.2.2}% 10
\BOOKMARK [3][-]{subsubsection.2.2.3}{ Removal of Barrelling Effect}{subsection.2.2}% 11
\BOOKMARK [3][-]{subsubsection.2.2.4}{Contrast Stretching}{subsection.2.2}% 12
\BOOKMARK [1][-]{section.3}{The proposed VMMR system}{}% 13
\BOOKMARK [2][-]{subsection.3.1}{High level block diagram}{section.3}% 14
\BOOKMARK [3][-]{subsubsection.3.1.1}{Loaded images}{subsection.3.1}% 15
\BOOKMARK [3][-]{subsubsection.3.1.2}{Feature Detection}{subsection.3.1}% 16
\BOOKMARK [3][-]{subsubsection.3.1.3}{Feature Extraction}{subsection.3.1}% 17
\BOOKMARK [3][-]{subsubsection.3.1.4}{Creation of Bag of Features}{subsection.3.1}% 18
\BOOKMARK [3][-]{subsubsection.3.1.5}{Training}{subsection.3.1}% 19
\BOOKMARK [3][-]{subsubsection.3.1.6}{Prediction of classes \(Testing\)}{subsection.3.1}% 20
\BOOKMARK [3][-]{subsubsection.3.1.7}{Results}{subsection.3.1}% 21
\BOOKMARK [2][-]{subsection.3.2}{System Design}{section.3}% 22
\BOOKMARK [3][-]{subsubsection.3.2.1}{Loading the images}{subsection.3.2}% 23
\BOOKMARK [3][-]{subsubsection.3.2.2}{Detection of SURF features}{subsection.3.2}% 24
\BOOKMARK [3][-]{subsubsection.3.2.3}{Extraction of SURF features}{subsection.3.2}% 25
\BOOKMARK [3][-]{subsubsection.3.2.4}{Creation of Bag of Features}{subsection.3.2}% 26
\BOOKMARK [3][-]{subsubsection.3.2.5}{Training the classifier}{subsection.3.2}% 27
\BOOKMARK [3][-]{subsubsection.3.2.6}{Testing the classifier}{subsection.3.2}% 28
\BOOKMARK [1][-]{section.4}{ Experiments and Results }{}% 29
\BOOKMARK [2][-]{subsection.4.1}{Experimental Design}{section.4}% 30
\BOOKMARK [2][-]{subsection.4.2}{ Results from experiments }{section.4}% 31
\BOOKMARK [2][-]{subsection.4.3}{ Analysis of the results}{section.4}% 32
\BOOKMARK [2][-]{subsection.4.4}{Conclusion}{section.4}% 33
\BOOKMARK [3][-]{subsubsection.4.4.1}{Future Work}{subsection.4.4}% 34
\BOOKMARK [1][-]{section.5}{Reference List}{}% 35
